<?xml version="1.0" encoding="UTF-8"?>
<testng-results skipped="0" failed="0" ignored="0" total="1" passed="1">
  <reporter-output>
  </reporter-output>
  <suite name="Default suite" duration-ms="22609" started-at="2019-04-04T12:00:40Z" finished-at="2019-04-04T12:01:02Z">
    <groups>
    </groups>
    <test name="Default test" duration-ms="22609" started-at="2019-04-04T12:00:40Z" finished-at="2019-04-04T12:01:02Z">
      <class name="SignInTest">
        <test-method status="PASS" signature="shouldThrowAnErrorIfSignInDetailsAreMissing()[pri:0, instance:SignInTest@d2cc05a]" name="shouldThrowAnErrorIfSignInDetailsAreMissing" duration-ms="22593" started-at="2019-04-04T17:30:40Z" finished-at="2019-04-04T17:31:02Z">
          <reporter-output>
          </reporter-output>
        </test-method> <!-- shouldThrowAnErrorIfSignInDetailsAreMissing -->
      </class> <!-- SignInTest -->
    </test> <!-- Default test -->
  </suite> <!-- Default suite -->
</testng-results>
